<?xml version="1.0" encoding="UTF-8"?>
<testsuite xmlns:xsi="http://www.w3.org/2001/XMLSchema-instance" xsi:noNamespaceSchemaLocation="https://maven.apache.org/surefire/maven-surefire-plugin/xsd/surefire-test-report-3.0.xsd" version="3.0" name="day14.ManualEngineerTest" time="0.069" tests="6" errors="0" skipped="0" failures="0">
  <properties>
[...]
</properties>
  <testcase name="testGetManualEngineerExperience" classname="day14.ManualEngineerTest" time="0.011"/>
  <testcase name="testSetManualEngineerExperience" classname="day14.ManualEngineerTest" time="0.0"/>
  <testcase name="testGetManualEngineerAge" classname="day14.ManualEngineerTest" time="0.0"/>
  <testcase name="testGetManualEngineerSkill" classname="day14.ManualEngineerTest" time="0.0"/>
  <testcase name="testSetManualEngineerAge" classname="day14.ManualEngineerTest" time="0.0"/>
  <testcase name="testSetManualEngineerSkill" classname="day14.ManualEngineerTest" time="0.0"/>
</testsuite>